[38;20m[10-11 15:49:09.200] -     config: 16 INFO    - Loading configuration...[0m
[38;20m[10-11 15:49:09.278] -   database: 48 INFO    - Creating tables...[0m
[38;20m[10-11 15:49:09.289] -   database: 50 INFO    - Tables created![0m
[38;20m[10-11 15:49:15.912] -   commands: 27 INFO    - User 773309514 started the bot![0m
[38;20m[10-11 15:49:15.912] -   database: 34 INFO    - Session created[0m
[38;20m[10-11 15:49:15.912] -   requests: 47 DEBUG   - Проверяем наличие: AVET with tg_id 773309514[0m
[38;20m[10-11 15:49:15.912] -   requests: 28 DEBUG   - Getting user by tg_id: 773309514[0m
[38;20m[10-11 15:49:15.979] -   requests: 52 DEBUG   - Пользователь 773309514 уже существует[0m
[38;20m[10-11 15:49:16.013] -   commands: 37 INFO    - Установлено состояние Form.language[0m
[38;20m[10-11 15:49:20.651] -  callbacks: 97 DEBUG   - Started func: process_choose_lang..[0m
[38;20m[10-11 15:49:20.652] -   database: 34 INFO    - Session created[0m
[38;20m[10-11 15:49:20.652] -   requests: 70 INFO    - Обновляем язык пользователя tg_id: 773309514 на 'ru'[0m
[38;20m[10-11 15:49:20.704] -   requests: 78 INFO    - Обновление языка пользователя tg_id: 773309514 - Успешно![0m
[38;20m[10-11 15:49:20.705] -  callbacks:103 INFO    - User 773309514 set language to ru[0m
[38;20m[10-11 15:49:20.855] -  callbacks:112 INFO    - Message edited with new language[0m
[38;20m[10-11 15:49:24.028] -   database: 34 INFO    - Session created[0m
[38;20m[10-11 15:49:24.028] -   requests: 28 DEBUG   - Getting user by tg_id: 773309514[0m
[38;20m[10-11 15:49:24.152] -  keyboards:149 DEBUG   - KeyboardFactory created![0m
[38;20m[10-11 15:49:24.152] -  keyboards:173 DEBUG   - Keyboard created![0m
[38;20m[10-11 15:49:45.011] -  callbacks:162 INFO    - User 773309514 go to main[0m
[38;20m[10-11 15:49:45.012] -   database: 34 INFO    - Session created[0m
[38;20m[10-11 15:49:45.012] -   requests: 28 DEBUG   - Getting user by tg_id: 773309514[0m
[38;20m[10-11 15:49:49.894] -   database: 34 INFO    - Session created[0m
[38;20m[10-11 15:49:49.894] -   requests: 28 DEBUG   - Getting user by tg_id: 773309514[0m
[38;20m[10-11 15:49:50.008] -  keyboards:149 DEBUG   - KeyboardFactory created![0m
[38;20m[10-11 15:49:50.008] -  keyboards:173 DEBUG   - Keyboard created![0m
[38;20m[10-11 15:49:53.105] -  callbacks:162 INFO    - User 773309514 go to main[0m
[38;20m[10-11 15:49:53.106] -   database: 34 INFO    - Session created[0m
[38;20m[10-11 15:49:53.106] -   requests: 28 DEBUG   - Getting user by tg_id: 773309514[0m
[38;20m[10-11 15:49:55.386] -   database: 34 INFO    - Session created[0m
[38;20m[10-11 15:49:55.387] -   requests: 28 DEBUG   - Getting user by tg_id: 773309514[0m
[38;20m[10-11 15:49:55.543] -  keyboards:149 DEBUG   - KeyboardFactory created![0m
[38;20m[10-11 15:49:55.544] -  keyboards:173 DEBUG   - Keyboard created![0m
[38;20m[10-11 15:49:56.676] -  callbacks:162 INFO    - User 773309514 go to main[0m
[38;20m[10-11 15:49:56.676] -   database: 34 INFO    - Session created[0m
[38;20m[10-11 15:49:56.676] -   requests: 28 DEBUG   - Getting user by tg_id: 773309514[0m
[38;20m[10-11 15:49:58.102] -  callbacks: 81 DEBUG   - Started func: process_change_language..[0m
[38;20m[10-11 15:49:58.102] -  callbacks: 85 INFO    - State set to Form.language[0m
[38;20m[10-11 15:49:59.464] -  callbacks: 97 DEBUG   - Started func: process_choose_lang..[0m
[38;20m[10-11 15:49:59.464] -   database: 34 INFO    - Session created[0m
[38;20m[10-11 15:49:59.464] -   requests: 70 INFO    - Обновляем язык пользователя tg_id: 773309514 на 'eng'[0m
[38;20m[10-11 15:49:59.578] -   requests: 78 INFO    - Обновление языка пользователя tg_id: 773309514 - Успешно![0m
[38;20m[10-11 15:49:59.579] -  callbacks:103 INFO    - User 773309514 set language to eng[0m
[38;20m[10-11 15:49:59.719] -  callbacks:112 INFO    - Message edited with new language[0m
[38;20m[10-11 15:50:00.799] -  callbacks: 81 DEBUG   - Started func: process_change_language..[0m
[38;20m[10-11 15:50:00.799] -  callbacks: 85 INFO    - State set to Form.language[0m
[38;20m[10-11 15:50:02.313] -  callbacks: 97 DEBUG   - Started func: process_choose_lang..[0m
[38;20m[10-11 15:50:02.314] -   database: 34 INFO    - Session created[0m
[38;20m[10-11 15:50:02.314] -   requests: 70 INFO    - Обновляем язык пользователя tg_id: 773309514 на 'ru'[0m
[38;20m[10-11 15:50:02.375] -   requests: 78 INFO    - Обновление языка пользователя tg_id: 773309514 - Успешно![0m
[38;20m[10-11 15:50:02.376] -  callbacks:103 INFO    - User 773309514 set language to ru[0m
[38;20m[10-11 15:50:02.565] -  callbacks:112 INFO    - Message edited with new language[0m
[38;20m[10-11 15:51:01.142] -   commands: 27 INFO    - User 773309514 started the bot![0m
[38;20m[10-11 15:51:01.143] -   database: 34 INFO    - Session created[0m
[38;20m[10-11 15:51:01.143] -   requests: 47 DEBUG   - Проверяем наличие: AVET with tg_id 773309514[0m
[38;20m[10-11 15:51:01.143] -   requests: 28 DEBUG   - Getting user by tg_id: 773309514[0m
[38;20m[10-11 15:51:01.206] -   requests: 52 DEBUG   - Пользователь 773309514 уже существует[0m
[38;20m[10-11 15:51:01.279] -   commands: 37 INFO    - Установлено состояние Form.language[0m
[38;20m[10-11 15:51:04.069] -  callbacks: 97 DEBUG   - Started func: process_choose_lang..[0m
[38;20m[10-11 15:51:04.069] -   database: 34 INFO    - Session created[0m
[38;20m[10-11 15:51:04.069] -   requests: 70 INFO    - Обновляем язык пользователя tg_id: 773309514 на 'ru'[0m
[38;20m[10-11 15:51:04.140] -   requests: 78 INFO    - Обновление языка пользователя tg_id: 773309514 - Успешно![0m
[38;20m[10-11 15:51:04.140] -  callbacks:103 INFO    - User 773309514 set language to ru[0m
[38;20m[10-11 15:51:04.341] -  callbacks:112 INFO    - Message edited with new language[0m
[38;20m[10-11 15:51:05.655] -   database: 34 INFO    - Session created[0m
[38;20m[10-11 15:51:05.655] -   requests: 28 DEBUG   - Getting user by tg_id: 773309514[0m
[38;20m[10-11 15:51:05.775] -  keyboards:149 DEBUG   - KeyboardFactory created![0m
[38;20m[10-11 15:51:05.775] -  keyboards:173 DEBUG   - Keyboard created![0m
[38;20m[10-11 15:51:12.324] -  callbacks:162 INFO    - User 773309514 go to main[0m
[38;20m[10-11 15:51:12.325] -   database: 34 INFO    - Session created[0m
[38;20m[10-11 15:51:12.325] -   requests: 28 DEBUG   - Getting user by tg_id: 773309514[0m
[38;20m[10-11 15:51:14.069] -  callbacks: 81 DEBUG   - Started func: process_change_language..[0m
[38;20m[10-11 15:51:14.069] -  callbacks: 85 INFO    - State set to Form.language[0m
[38;20m[10-11 15:51:15.564] -  callbacks: 97 DEBUG   - Started func: process_choose_lang..[0m
[38;20m[10-11 15:51:15.564] -   database: 34 INFO    - Session created[0m
[38;20m[10-11 15:51:15.564] -   requests: 70 INFO    - Обновляем язык пользователя tg_id: 773309514 на 'eng'[0m
[38;20m[10-11 15:51:15.614] -   requests: 78 INFO    - Обновление языка пользователя tg_id: 773309514 - Успешно![0m
[38;20m[10-11 15:51:15.615] -  callbacks:103 INFO    - User 773309514 set language to eng[0m
[38;20m[10-11 15:51:15.749] -  callbacks:112 INFO    - Message edited with new language[0m
[38;20m[10-11 15:51:18.575] -   database: 34 INFO    - Session created[0m
[38;20m[10-11 15:51:18.575] -   requests: 28 DEBUG   - Getting user by tg_id: 773309514[0m
[38;20m[10-11 15:51:18.641] -  keyboards:149 DEBUG   - KeyboardFactory created![0m
[38;20m[10-11 15:51:18.641] -  keyboards:173 DEBUG   - Keyboard created![0m
[38;20m[10-11 15:51:20.541] -  callbacks: 81 DEBUG   - Started func: process_change_language..[0m
[38;20m[10-11 15:51:20.541] -  callbacks: 85 INFO    - State set to Form.language[0m
[38;20m[10-11 15:51:22.053] -  callbacks: 97 DEBUG   - Started func: process_choose_lang..[0m
[38;20m[10-11 15:51:22.054] -   database: 34 INFO    - Session created[0m
[38;20m[10-11 15:51:22.054] -   requests: 70 INFO    - Обновляем язык пользователя tg_id: 773309514 на 'ru'[0m
[38;20m[10-11 15:51:22.115] -   requests: 78 INFO    - Обновление языка пользователя tg_id: 773309514 - Успешно![0m
[38;20m[10-11 15:51:22.116] -  callbacks:103 INFO    - User 773309514 set language to ru[0m
[38;20m[10-11 15:51:22.304] -  callbacks:112 INFO    - Message edited with new language[0m
[38;20m[10-11 15:51:24.406] -  callbacks:124 INFO    - User 773309514 started chat[0m
[38;20m[10-11 15:51:24.407] -   database: 34 INFO    - Session created[0m
[38;20m[10-11 15:51:24.407] -  callbacks:126 DEBUG   - Getting user by tg_id..[0m
[38;20m[10-11 15:51:24.407] -   requests: 28 DEBUG   - Getting user by tg_id: 773309514[0m
[38;20m[10-11 15:51:24.453] -  callbacks:128 DEBUG   - User found, id: 1[0m
[38;20m[10-11 15:51:24.510] -  callbacks:131 INFO    - State set to Chat.activate[0m
[38;20m[10-11 15:51:34.070] -   database: 34 INFO    - Session created[0m
[38;20m[10-11 15:51:34.070] -       chat: 47 INFO    - Получаем обьект user..[0m
[38;20m[10-11 15:51:34.070] -   requests: 28 DEBUG   - Getting user by tg_id: 773309514[0m
[38;20m[10-11 15:51:34.129] -       chat: 53 INFO    - Обьект user получен (SUCCESS)[0m
[38;20m[10-11 15:51:34.377] -       chat: 73 INFO    - Получаем контекст диалога...[0m
[38;20m[10-11 15:51:34.383] -       chat: 78 INFO    - Контекст диалога получен (SUCCESS)[0m
[38;20m[10-11 15:51:34.383] -       chat: 89 INFO    - Подключаемся к FastAPI...[0m
[38;20m[10-11 15:51:34.384] -       chat: 92 INFO    - Отправляем запрос API на получение ответа...[0m
[38;20m[10-11 15:51:34.384] -   requests: 82 INFO    - Отправляем запрос к API..(./gpt/query)[0m
[38;20m[10-11 15:51:34.385] -   requests: 62 INFO    - Формирование JSON-данных для запроса..[0m
[38;20m[10-11 15:51:35.530] -   requests: 91 INFO    - ОТВЕТ 200 ПОЛУЧЕН[0m
[38;20m[10-11 15:51:35.530] -       chat: 99 INFO    - Ответ от API получен (SUCCESS)[0m
[38;20m[10-11 15:51:35.586] -       chat:117 INFO    - Контекст диалога добавлен в БД (SUCCESS)[0m
[38;20m[10-11 15:51:35.586] -       chat:124 INFO    - Отправляем ответ пользователю...[0m
[38;20m[10-11 15:51:43.741] -   database: 34 INFO    - Session created[0m
[38;20m[10-11 15:51:43.741] -       chat: 47 INFO    - Получаем обьект user..[0m
[38;20m[10-11 15:51:43.741] -   requests: 28 DEBUG   - Getting user by tg_id: 773309514[0m
[38;20m[10-11 15:51:43.794] -       chat: 53 INFO    - Обьект user получен (SUCCESS)[0m
[38;20m[10-11 15:51:43.799] -       chat: 73 INFO    - Получаем контекст диалога...[0m
[38;20m[10-11 15:51:43.801] -       chat: 78 INFO    - Контекст диалога получен (SUCCESS)[0m
[38;20m[10-11 15:51:43.801] -       chat: 89 INFO    - Подключаемся к FastAPI...[0m
[38;20m[10-11 15:51:43.802] -       chat: 92 INFO    - Отправляем запрос API на получение ответа...[0m
[38;20m[10-11 15:51:43.802] -   requests: 82 INFO    - Отправляем запрос к API..(./gpt/query)[0m
[38;20m[10-11 15:51:43.802] -   requests: 62 INFO    - Формирование JSON-данных для запроса..[0m
[38;20m[10-11 15:51:45.967] -   requests: 91 INFO    - ОТВЕТ 200 ПОЛУЧЕН[0m
[38;20m[10-11 15:51:45.967] -       chat: 99 INFO    - Ответ от API получен (SUCCESS)[0m
[38;20m[10-11 15:51:45.999] -       chat:117 INFO    - Контекст диалога добавлен в БД (SUCCESS)[0m
[38;20m[10-11 15:51:45.999] -       chat:124 INFO    - Отправляем ответ пользователю...[0m
[38;20m[10-11 15:52:17.758] -   commands: 27 INFO    - User 773309514 started the bot![0m
[38;20m[10-11 15:52:17.758] -   database: 34 INFO    - Session created[0m
[38;20m[10-11 15:52:17.758] -   requests: 47 DEBUG   - Проверяем наличие: AVET with tg_id 773309514[0m
[38;20m[10-11 15:52:17.758] -   requests: 28 DEBUG   - Getting user by tg_id: 773309514[0m
[38;20m[10-11 15:52:17.877] -   requests: 52 DEBUG   - Пользователь 773309514 уже существует[0m
[38;20m[10-11 15:52:17.934] -   commands: 37 INFO    - Установлено состояние Form.language[0m
[38;20m[10-11 15:52:22.702] -  callbacks: 97 DEBUG   - Started func: process_choose_lang..[0m
[38;20m[10-11 15:52:22.703] -   database: 34 INFO    - Session created[0m
[38;20m[10-11 15:52:22.703] -   requests: 70 INFO    - Обновляем язык пользователя tg_id: 773309514 на 'ru'[0m
[38;20m[10-11 15:52:22.841] -   requests: 78 INFO    - Обновление языка пользователя tg_id: 773309514 - Успешно![0m
[38;20m[10-11 15:52:22.842] -  callbacks:103 INFO    - User 773309514 set language to ru[0m
[38;20m[10-11 15:52:23.125] -  callbacks:112 INFO    - Message edited with new language[0m
[38;20m[10-11 15:52:25.209] -   database: 34 INFO    - Session created[0m
[38;20m[10-11 15:52:25.210] -   requests: 28 DEBUG   - Getting user by tg_id: 773309514[0m
[38;20m[10-11 15:52:25.216] -  keyboards:149 DEBUG   - KeyboardFactory created![0m
[38;20m[10-11 15:52:25.216] -  keyboards:173 DEBUG   - Keyboard created![0m
[38;20m[10-11 15:52:29.287] -  callbacks:162 INFO    - User 773309514 go to main[0m
[38;20m[10-11 15:52:29.288] -   database: 34 INFO    - Session created[0m
[38;20m[10-11 15:52:29.288] -   requests: 28 DEBUG   - Getting user by tg_id: 773309514[0m
[38;20m[10-11 15:52:31.540] -  callbacks: 81 DEBUG   - Started func: process_change_language..[0m
[38;20m[10-11 15:52:31.541] -  callbacks: 85 INFO    - State set to Form.language[0m
[38;20m[10-11 15:52:33.112] -  callbacks: 97 DEBUG   - Started func: process_choose_lang..[0m
[38;20m[10-11 15:52:33.112] -   database: 34 INFO    - Session created[0m
[38;20m[10-11 15:52:33.113] -   requests: 70 INFO    - Обновляем язык пользователя tg_id: 773309514 на 'eng'[0m
[38;20m[10-11 15:52:33.282] -   requests: 78 INFO    - Обновление языка пользователя tg_id: 773309514 - Успешно![0m
[38;20m[10-11 15:52:33.283] -  callbacks:103 INFO    - User 773309514 set language to eng[0m
[38;20m[10-11 15:52:33.486] -  callbacks:112 INFO    - Message edited with new language[0m
[38;20m[10-11 15:52:36.193] -   database: 34 INFO    - Session created[0m
[38;20m[10-11 15:52:36.193] -   requests: 28 DEBUG   - Getting user by tg_id: 773309514[0m
[38;20m[10-11 15:52:36.337] -  keyboards:149 DEBUG   - KeyboardFactory created![0m
[38;20m[10-11 15:52:36.337] -  keyboards:173 DEBUG   - Keyboard created![0m
[38;20m[10-11 15:52:39.401] -  callbacks: 81 DEBUG   - Started func: process_change_language..[0m
[38;20m[10-11 15:52:39.402] -  callbacks: 85 INFO    - State set to Form.language[0m
[38;20m[10-11 15:52:41.128] -  callbacks: 97 DEBUG   - Started func: process_choose_lang..[0m
[38;20m[10-11 15:52:41.129] -   database: 34 INFO    - Session created[0m
[38;20m[10-11 15:52:41.129] -   requests: 70 INFO    - Обновляем язык пользователя tg_id: 773309514 на 'ru'[0m
[38;20m[10-11 15:52:41.175] -   requests: 78 INFO    - Обновление языка пользователя tg_id: 773309514 - Успешно![0m
[38;20m[10-11 15:52:41.175] -  callbacks:103 INFO    - User 773309514 set language to ru[0m
[38;20m[10-11 15:52:41.424] -  callbacks:112 INFO    - Message edited with new language[0m
[38;20m[10-11 15:52:42.602] -  callbacks:124 INFO    - User 773309514 started chat[0m
[38;20m[10-11 15:52:42.603] -   database: 34 INFO    - Session created[0m
[38;20m[10-11 15:52:42.603] -  callbacks:126 DEBUG   - Getting user by tg_id..[0m
[38;20m[10-11 15:52:42.603] -   requests: 28 DEBUG   - Getting user by tg_id: 773309514[0m
[38;20m[10-11 15:52:42.655] -  callbacks:128 DEBUG   - User found, id: 1[0m
[38;20m[10-11 15:52:42.656] -  callbacks:131 INFO    - State set to Chat.activate[0m
[38;20m[10-11 15:52:47.871] -  callbacks: 56 DEBUG   - Started func: process_reset_requests..[0m
[38;20m[10-11 15:52:47.872] -   database: 34 INFO    - Session created[0m
[38;20m[10-11 15:52:47.872] -  callbacks: 59 DEBUG   - Getting user by tg_id..[0m
[38;20m[10-11 15:52:47.872] -   requests: 28 DEBUG   - Getting user by tg_id: 773309514[0m
[38;20m[10-11 15:52:47.926] -  callbacks: 65 INFO    - User.requests_count reseted (SUCCESS)[0m
[38;20m[10-11 15:52:50.623] -  callbacks:124 INFO    - User 773309514 started chat[0m
[38;20m[10-11 15:52:50.623] -   database: 34 INFO    - Session created[0m
[38;20m[10-11 15:52:50.623] -  callbacks:126 DEBUG   - Getting user by tg_id..[0m
[38;20m[10-11 15:52:50.623] -   requests: 28 DEBUG   - Getting user by tg_id: 773309514[0m
[38;20m[10-11 15:52:50.689] -  callbacks:128 DEBUG   - User found, id: 1[0m
[38;20m[10-11 15:52:50.690] -  callbacks:131 INFO    - State set to Chat.activate[0m
[38;20m[10-11 15:53:05.374] -   database: 34 INFO    - Session created[0m
[38;20m[10-11 15:53:05.375] -       chat: 47 INFO    - Получаем обьект user..[0m
[38;20m[10-11 15:53:05.375] -   requests: 28 DEBUG   - Getting user by tg_id: 773309514[0m
[38;20m[10-11 15:53:05.463] -       chat: 53 INFO    - Обьект user получен (SUCCESS)[0m
[38;20m[10-11 15:53:05.588] -       chat: 73 INFO    - Получаем контекст диалога...[0m
[38;20m[10-11 15:53:05.590] -       chat: 78 INFO    - Контекст диалога получен (SUCCESS)[0m
[38;20m[10-11 15:53:05.591] -       chat: 89 INFO    - Подключаемся к FastAPI...[0m
[38;20m[10-11 15:53:05.591] -       chat: 92 INFO    - Отправляем запрос API на получение ответа...[0m
[38;20m[10-11 15:53:05.591] -   requests: 82 INFO    - Отправляем запрос к API..(./gpt/query)[0m
[38;20m[10-11 15:53:05.591] -   requests: 62 INFO    - Формирование JSON-данных для запроса..[0m
[38;20m[10-11 15:53:07.146] -   requests: 91 INFO    - ОТВЕТ 200 ПОЛУЧЕН[0m
[38;20m[10-11 15:53:07.146] -       chat: 99 INFO    - Ответ от API получен (SUCCESS)[0m
[38;20m[10-11 15:53:07.245] -       chat:117 INFO    - Контекст диалога добавлен в БД (SUCCESS)[0m
[38;20m[10-11 15:53:07.245] -       chat:124 INFO    - Отправляем ответ пользователю...[0m
[38;20m[10-11 15:53:13.747] -   database: 34 INFO    - Session created[0m
[38;20m[10-11 15:53:13.748] -       chat: 47 INFO    - Получаем обьект user..[0m
[38;20m[10-11 15:53:13.748] -   requests: 28 DEBUG   - Getting user by tg_id: 773309514[0m
[38;20m[10-11 15:53:13.796] -       chat: 53 INFO    - Обьект user получен (SUCCESS)[0m
[38;20m[10-11 15:53:13.802] -       chat: 73 INFO    - Получаем контекст диалога...[0m
[38;20m[10-11 15:53:13.804] -       chat: 78 INFO    - Контекст диалога получен (SUCCESS)[0m
[38;20m[10-11 15:53:13.804] -       chat: 89 INFO    - Подключаемся к FastAPI...[0m
[38;20m[10-11 15:53:13.804] -       chat: 92 INFO    - Отправляем запрос API на получение ответа...[0m
[38;20m[10-11 15:53:13.804] -   requests: 82 INFO    - Отправляем запрос к API..(./gpt/query)[0m
[38;20m[10-11 15:53:13.804] -   requests: 62 INFO    - Формирование JSON-данных для запроса..[0m
[38;20m[10-11 15:53:15.217] -   requests: 91 INFO    - ОТВЕТ 200 ПОЛУЧЕН[0m
[38;20m[10-11 15:53:15.217] -       chat: 99 INFO    - Ответ от API получен (SUCCESS)[0m
[38;20m[10-11 15:53:15.374] -       chat:117 INFO    - Контекст диалога добавлен в БД (SUCCESS)[0m
[38;20m[10-11 15:53:15.374] -       chat:124 INFO    - Отправляем ответ пользователю...[0m
[38;20m[10-11 15:53:38.670] -   database: 34 INFO    - Session created[0m
[38;20m[10-11 15:53:38.670] -       chat: 47 INFO    - Получаем обьект user..[0m
[38;20m[10-11 15:53:38.670] -   requests: 28 DEBUG   - Getting user by tg_id: 773309514[0m
[38;20m[10-11 15:53:38.711] -       chat: 53 INFO    - Обьект user получен (SUCCESS)[0m
[38;20m[10-11 15:53:38.796] -       chat: 73 INFO    - Получаем контекст диалога...[0m
[38;20m[10-11 15:53:38.798] -       chat: 78 INFO    - Контекст диалога получен (SUCCESS)[0m
[38;20m[10-11 15:53:38.798] -       chat: 89 INFO    - Подключаемся к FastAPI...[0m
[38;20m[10-11 15:53:38.799] -       chat: 92 INFO    - Отправляем запрос API на получение ответа...[0m
[38;20m[10-11 15:53:38.799] -   requests: 82 INFO    - Отправляем запрос к API..(./gpt/query)[0m
[38;20m[10-11 15:53:38.799] -   requests: 62 INFO    - Формирование JSON-данных для запроса..[0m
[38;20m[10-11 15:53:41.142] -   requests: 91 INFO    - ОТВЕТ 200 ПОЛУЧЕН[0m
[38;20m[10-11 15:53:41.143] -       chat: 99 INFO    - Ответ от API получен (SUCCESS)[0m
[38;20m[10-11 15:53:41.253] -       chat:117 INFO    - Контекст диалога добавлен в БД (SUCCESS)[0m
[38;20m[10-11 15:53:41.253] -       chat:124 INFO    - Отправляем ответ пользователю...[0m
[38;20m[10-11 15:53:42.428] -   database: 34 INFO    - Session created[0m
[38;20m[10-11 15:53:42.429] -       chat: 47 INFO    - Получаем обьект user..[0m
[38;20m[10-11 15:53:42.429] -   requests: 28 DEBUG   - Getting user by tg_id: 773309514[0m
[38;20m[10-11 15:53:42.473] -       chat: 53 INFO    - Обьект user получен (SUCCESS)[0m
[38;20m[10-11 15:53:42.579] -       chat: 73 INFO    - Получаем контекст диалога...[0m
[38;20m[10-11 15:53:42.581] -       chat: 78 INFO    - Контекст диалога получен (SUCCESS)[0m
[38;20m[10-11 15:53:42.581] -       chat: 89 INFO    - Подключаемся к FastAPI...[0m
[38;20m[10-11 15:53:42.581] -       chat: 92 INFO    - Отправляем запрос API на получение ответа...[0m
[38;20m[10-11 15:53:42.581] -   requests: 82 INFO    - Отправляем запрос к API..(./gpt/query)[0m
[38;20m[10-11 15:53:42.582] -   requests: 62 INFO    - Формирование JSON-данных для запроса..[0m
[38;20m[10-11 15:53:43.936] -   requests: 91 INFO    - ОТВЕТ 200 ПОЛУЧЕН[0m
[38;20m[10-11 15:53:43.936] -       chat: 99 INFO    - Ответ от API получен (SUCCESS)[0m
[38;20m[10-11 15:53:44.018] -       chat:117 INFO    - Контекст диалога добавлен в БД (SUCCESS)[0m
[38;20m[10-11 15:53:44.018] -       chat:124 INFO    - Отправляем ответ пользователю...[0m
[38;20m[10-11 15:53:48.534] -   database: 34 INFO    - Session created[0m
[38;20m[10-11 15:53:48.534] -       chat: 47 INFO    - Получаем обьект user..[0m
[38;20m[10-11 15:53:48.534] -   requests: 28 DEBUG   - Getting user by tg_id: 773309514[0m
[38;20m[10-11 15:53:48.570] -       chat: 53 INFO    - Обьект user получен (SUCCESS)[0m
[38;20m[10-11 15:53:48.672] -       chat: 73 INFO    - Получаем контекст диалога...[0m
[38;20m[10-11 15:53:48.750] -       chat: 78 INFO    - Контекст диалога получен (SUCCESS)[0m
[38;20m[10-11 15:53:48.752] -       chat: 89 INFO    - Подключаемся к FastAPI...[0m
[38;20m[10-11 15:53:48.752] -       chat: 92 INFO    - Отправляем запрос API на получение ответа...[0m
[38;20m[10-11 15:53:48.752] -   requests: 82 INFO    - Отправляем запрос к API..(./gpt/query)[0m
[38;20m[10-11 15:53:48.752] -   requests: 62 INFO    - Формирование JSON-данных для запроса..[0m
[38;20m[10-11 15:53:50.485] -   requests: 91 INFO    - ОТВЕТ 200 ПОЛУЧЕН[0m
[38;20m[10-11 15:53:50.486] -       chat: 99 INFO    - Ответ от API получен (SUCCESS)[0m
[38;20m[10-11 15:53:50.515] -       chat:117 INFO    - Контекст диалога добавлен в БД (SUCCESS)[0m
[38;20m[10-11 15:53:50.516] -       chat:124 INFO    - Отправляем ответ пользователю...[0m
[38;20m[10-11 15:53:56.775] -   database: 34 INFO    - Session created[0m
[38;20m[10-11 15:53:56.775] -       chat: 47 INFO    - Получаем обьект user..[0m
[38;20m[10-11 15:53:56.775] -   requests: 28 DEBUG   - Getting user by tg_id: 773309514[0m
[38;20m[10-11 15:53:56.836] -       chat: 53 INFO    - Обьект user получен (SUCCESS)[0m
[33;20m[10-11 15:53:56.840] -   requests:255 WARNING - Превышено количество запросов пользователя: 1[0m
[33;20m[10-11 15:53:56.965] -   requests:236 WARNING - Отправлено сообщение о превышении лимита запросов[0m
[38;20m[10-11 15:54:00.535] -  callbacks: 56 DEBUG   - Started func: process_reset_requests..[0m
[38;20m[10-11 15:54:00.536] -   database: 34 INFO    - Session created[0m
[38;20m[10-11 15:54:00.536] -  callbacks: 59 DEBUG   - Getting user by tg_id..[0m
[38;20m[10-11 15:54:00.536] -   requests: 28 DEBUG   - Getting user by tg_id: 773309514[0m
[38;20m[10-11 15:54:00.604] -  callbacks: 65 INFO    - User.requests_count reseted (SUCCESS)[0m
[38;20m[10-11 15:54:40.731] -  callbacks:124 INFO    - User 773309514 started chat[0m
[38;20m[10-11 15:54:40.731] -   database: 34 INFO    - Session created[0m
[38;20m[10-11 15:54:40.731] -  callbacks:126 DEBUG   - Getting user by tg_id..[0m
[38;20m[10-11 15:54:40.731] -   requests: 28 DEBUG   - Getting user by tg_id: 773309514[0m
[38;20m[10-11 15:54:40.778] -  callbacks:128 DEBUG   - User found, id: 1[0m
[38;20m[10-11 15:54:40.811] -  callbacks:131 INFO    - State set to Chat.activate[0m
[38;20m[10-11 15:57:14.522] -   database: 34 INFO    - Session created[0m
[38;20m[10-11 15:57:14.523] -       chat: 47 INFO    - Получаем обьект user..[0m
[38;20m[10-11 15:57:14.523] -   requests: 28 DEBUG   - Getting user by tg_id: 773309514[0m
[38;20m[10-11 15:57:14.586] -       chat: 53 INFO    - Обьект user получен (SUCCESS)[0m
[38;20m[10-11 15:57:14.591] -       chat: 73 INFO    - Получаем контекст диалога...[0m
[38;20m[10-11 15:57:14.592] -       chat: 78 INFO    - Контекст диалога получен (SUCCESS)[0m
[38;20m[10-11 15:57:14.592] -       chat: 89 INFO    - Подключаемся к FastAPI...[0m
[38;20m[10-11 15:57:14.593] -       chat: 92 INFO    - Отправляем запрос API на получение ответа...[0m
[38;20m[10-11 15:57:14.593] -   requests: 82 INFO    - Отправляем запрос к API..(./gpt/query)[0m
[38;20m[10-11 15:57:14.593] -   requests: 62 INFO    - Формирование JSON-данных для запроса..[0m
[38;20m[10-11 15:57:15.283] -   database: 34 INFO    - Session created[0m
[38;20m[10-11 15:57:15.283] -       chat: 47 INFO    - Получаем обьект user..[0m
[38;20m[10-11 15:57:15.283] -   requests: 28 DEBUG   - Getting user by tg_id: 773309514[0m
[38;20m[10-11 15:57:15.556] -       chat: 53 INFO    - Обьект user получен (SUCCESS)[0m
[38;20m[10-11 15:57:15.560] -       chat: 73 INFO    - Получаем контекст диалога...[0m
[38;20m[10-11 15:57:15.562] -       chat: 78 INFO    - Контекст диалога получен (SUCCESS)[0m
[38;20m[10-11 15:57:15.562] -       chat: 89 INFO    - Подключаемся к FastAPI...[0m
[38;20m[10-11 15:57:15.562] -       chat: 92 INFO    - Отправляем запрос API на получение ответа...[0m
[38;20m[10-11 15:57:15.562] -   requests: 82 INFO    - Отправляем запрос к API..(./gpt/query)[0m
[38;20m[10-11 15:57:15.562] -   requests: 62 INFO    - Формирование JSON-данных для запроса..[0m
[38;20m[10-11 15:57:15.767] -   requests: 91 INFO    - ОТВЕТ 200 ПОЛУЧЕН[0m
[38;20m[10-11 15:57:15.767] -       chat: 99 INFO    - Ответ от API получен (SUCCESS)[0m
[38;20m[10-11 15:57:15.774] -       chat:117 INFO    - Контекст диалога добавлен в БД (SUCCESS)[0m
[38;20m[10-11 15:57:15.774] -       chat:124 INFO    - Отправляем ответ пользователю...[0m
[38;20m[10-11 15:57:15.856] -   database: 34 INFO    - Session created[0m
[38;20m[10-11 15:57:15.856] -       chat: 47 INFO    - Получаем обьект user..[0m
[38;20m[10-11 15:57:15.856] -   requests: 28 DEBUG   - Getting user by tg_id: 773309514[0m
[38;20m[10-11 15:57:15.895] -       chat: 53 INFO    - Обьект user получен (SUCCESS)[0m
[38;20m[10-11 15:57:15.901] -       chat: 73 INFO    - Получаем контекст диалога...[0m
[38;20m[10-11 15:57:15.907] -       chat: 78 INFO    - Контекст диалога получен (SUCCESS)[0m
[38;20m[10-11 15:57:15.907] -       chat: 89 INFO    - Подключаемся к FastAPI...[0m
[38;20m[10-11 15:57:15.907] -       chat: 92 INFO    - Отправляем запрос API на получение ответа...[0m
[38;20m[10-11 15:57:15.907] -   requests: 82 INFO    - Отправляем запрос к API..(./gpt/query)[0m
[38;20m[10-11 15:57:15.907] -   requests: 62 INFO    - Формирование JSON-данных для запроса..[0m
[38;20m[10-11 15:57:16.176] -   database: 34 INFO    - Session created[0m
[38;20m[10-11 15:57:16.176] -       chat: 47 INFO    - Получаем обьект user..[0m
[38;20m[10-11 15:57:16.176] -   requests: 28 DEBUG   - Getting user by tg_id: 773309514[0m
[38;20m[10-11 15:57:16.233] -       chat: 53 INFO    - Обьект user получен (SUCCESS)[0m
[38;20m[10-11 15:57:16.257] -       chat: 73 INFO    - Получаем контекст диалога...[0m
[38;20m[10-11 15:57:16.258] -       chat: 78 INFO    - Контекст диалога получен (SUCCESS)[0m
[38;20m[10-11 15:57:16.258] -       chat: 89 INFO    - Подключаемся к FastAPI...[0m
[38;20m[10-11 15:57:16.258] -       chat: 92 INFO    - Отправляем запрос API на получение ответа...[0m
[38;20m[10-11 15:57:16.258] -   requests: 82 INFO    - Отправляем запрос к API..(./gpt/query)[0m
[38;20m[10-11 15:57:16.258] -   requests: 62 INFO    - Формирование JSON-данных для запроса..[0m
[38;20m[10-11 15:57:16.509] -   database: 34 INFO    - Session created[0m
[38;20m[10-11 15:57:16.510] -       chat: 47 INFO    - Получаем обьект user..[0m
[38;20m[10-11 15:57:16.510] -   requests: 28 DEBUG   - Getting user by tg_id: 773309514[0m
[38;20m[10-11 15:57:16.610] -       chat: 53 INFO    - Обьект user получен (SUCCESS)[0m
[38;20m[10-11 15:57:16.616] -       chat: 73 INFO    - Получаем контекст диалога...[0m
[38;20m[10-11 15:57:16.619] -       chat: 78 INFO    - Контекст диалога получен (SUCCESS)[0m
[38;20m[10-11 15:57:16.620] -       chat: 89 INFO    - Подключаемся к FastAPI...[0m
[38;20m[10-11 15:57:16.620] -       chat: 92 INFO    - Отправляем запрос API на получение ответа...[0m
[38;20m[10-11 15:57:16.620] -   requests: 82 INFO    - Отправляем запрос к API..(./gpt/query)[0m
[38;20m[10-11 15:57:16.620] -   requests: 62 INFO    - Формирование JSON-данных для запроса..[0m
[38;20m[10-11 15:57:16.825] -   requests: 91 INFO    - ОТВЕТ 200 ПОЛУЧЕН[0m
[38;20m[10-11 15:57:16.825] -       chat: 99 INFO    - Ответ от API получен (SUCCESS)[0m
[38;20m[10-11 15:57:16.895] -       chat:117 INFO    - Контекст диалога добавлен в БД (SUCCESS)[0m
[38;20m[10-11 15:57:16.895] -       chat:124 INFO    - Отправляем ответ пользователю...[0m
[38;20m[10-11 15:57:17.379] -   requests: 91 INFO    - ОТВЕТ 200 ПОЛУЧЕН[0m
[38;20m[10-11 15:57:17.379] -       chat: 99 INFO    - Ответ от API получен (SUCCESS)[0m
[38;20m[10-11 15:57:17.483] -       chat:117 INFO    - Контекст диалога добавлен в БД (SUCCESS)[0m
[38;20m[10-11 15:57:17.483] -       chat:124 INFO    - Отправляем ответ пользователю...[0m
[38;20m[10-11 15:57:17.656] -   requests: 91 INFO    - ОТВЕТ 200 ПОЛУЧЕН[0m
[38;20m[10-11 15:57:17.656] -       chat: 99 INFO    - Ответ от API получен (SUCCESS)[0m
[38;20m[10-11 15:57:17.667] -       chat:117 INFO    - Контекст диалога добавлен в БД (SUCCESS)[0m
[38;20m[10-11 15:57:17.667] -       chat:124 INFO    - Отправляем ответ пользователю...[0m
[38;20m[10-11 15:57:18.017] -   requests: 91 INFO    - ОТВЕТ 200 ПОЛУЧЕН[0m
[38;20m[10-11 15:57:18.017] -       chat: 99 INFO    - Ответ от API получен (SUCCESS)[0m
[38;20m[10-11 15:57:18.107] -       chat:117 INFO    - Контекст диалога добавлен в БД (SUCCESS)[0m
[38;20m[10-11 15:57:18.107] -       chat:124 INFO    - Отправляем ответ пользователю...[0m
[38;20m[10-11 15:57:20.147] -   database: 34 INFO    - Session created[0m
[38;20m[10-11 15:57:20.147] -       chat: 47 INFO    - Получаем обьект user..[0m
[38;20m[10-11 15:57:20.147] -   requests: 28 DEBUG   - Getting user by tg_id: 773309514[0m
[38;20m[10-11 15:57:20.258] -       chat: 53 INFO    - Обьект user получен (SUCCESS)[0m
[33;20m[10-11 15:57:20.262] -   requests:255 WARNING - Превышено количество запросов пользователя: 1[0m
[33;20m[10-11 15:57:20.473] -   requests:236 WARNING - Отправлено сообщение о превышении лимита запросов[0m
[38;20m[10-11 15:57:34.551] -  callbacks: 56 DEBUG   - Started func: process_reset_requests..[0m
[38;20m[10-11 15:57:34.552] -   database: 34 INFO    - Session created[0m
[38;20m[10-11 15:57:34.552] -  callbacks: 59 DEBUG   - Getting user by tg_id..[0m
[38;20m[10-11 15:57:34.552] -   requests: 28 DEBUG   - Getting user by tg_id: 773309514[0m
[38;20m[10-11 15:57:34.657] -  callbacks: 65 INFO    - User.requests_count reseted (SUCCESS)[0m
[38;20m[10-11 15:57:47.774] -  callbacks:124 INFO    - User 773309514 started chat[0m
[38;20m[10-11 15:57:47.775] -   database: 34 INFO    - Session created[0m
[38;20m[10-11 15:57:47.775] -  callbacks:126 DEBUG   - Getting user by tg_id..[0m
[38;20m[10-11 15:57:47.775] -   requests: 28 DEBUG   - Getting user by tg_id: 773309514[0m
[38;20m[10-11 15:57:47.901] -  callbacks:128 DEBUG   - User found, id: 1[0m
[38;20m[10-11 15:57:47.958] -  callbacks:131 INFO    - State set to Chat.activate[0m
[33;20m[10-11 16:03:03.393] - dispatcher:455 WARNING - Received SIGINT signal[0m
